primary-tumor 1 -165.62538627355397 0.000394
primary-tumor 2 -164.61871827355398 0.004524
primary-tumor 3 -164.61871827355398 0.040456
primary-tumor 4 -164.61871827355398 0.259331
primary-tumor 5 -164.61871827355398 1.343612
primary-tumor 6 -164.61871827355398 3.365452
primary-tumor 7 -164.61871827355398 5.969274
primary-tumor 8 -164.61871827355398 10.237798
primary-tumor 9 -164.61871827355398 12.719151
primary-tumor 10 -164.61871827355398 15.815145
primary-tumor -1 -164.61871827355398 18.606451
australian-un-reduced_converted 1 -138.89709927355398 0.000338
australian-un-reduced_converted 2 -110.13698327355398 0.003587
australian-un-reduced_converted 3 -80.43701627355398 0.023089
australian-un-reduced_converted 4 -72.95988127355399 0.11849
australian-un-reduced_converted 5 -70.07217127355398 0.495389
australian-un-reduced_converted 6 -69.10571027355398 1.551918
australian-un-reduced_converted 7 -69.10571027355398 4.590044
australian-un-reduced_converted 8 -69.10571027355398 10.909839
australian-un-reduced_converted 9 -69.10571027355398 22.786203
australian-un-reduced_converted 10 -69.10571027355398 42.112171
australian-un-reduced_converted -1 -69.10571027355398 94.057045
